%%%%%%%%%%%%%%%%%%%%%%%%%%%%%%%%%%%%%%%%%PrismaticForConditionalGeneration%%%%%%%%%%%%%%%%%%%%%%%%%%%%%%%%%%%%%%%%%%%%%
=======================================================================================================================
=======================================================================================================================
------------------------------------------ PrismaticVisionBackbone __init__() -----------------------------------------
=======================================================================================================================
=======================================================================================================================
Initializing featurizer with model: vit_large_patch14_reg4_dinov2.lvd142m, image size: 224
Featurizer embed_dim: 1024

Initializing fused featurizer with model: vit_so400m_patch14_siglip_224, image size: 224
Fused Featurizer embed_dim: 1152
Total embed_dim after fusion: 2176
Patching featurizers with LayerScale...

=======================================================================================================================
=======================================================================================================================
------------------------------------------ PrismaticVisionBackbone __init__() -----------------------------------------
=======================================================================================================================
=======================================================================================================================

Initializing bins ....
=======================================================================================================================
=======================================================================================================================
------------------------------------------ PrismaticProcessor __call__() START-----------------------------------------
=======================================================================================================================
=======================================================================================================================
Image pixel values shape before ImageProcessing: (4691, 3127)
Image pixel values shape after ImageProcessing: torch.Size([1, 6, 224, 224])
Text input IDs [Tokenized] shape: torch.Size([1, 23])
input_ids: torch.Size([1, 23])
attention_mask: torch.Size([1, 23])
pixel_values: torch.Size([1, 6, 224, 224])
=======================================================================================================================
=======================================================================================================================
------------------------------------------ PrismaticProcessor __call__() END-------------------------------------------
=======================================================================================================================
=======================================================================================================================

%%%%%%%%%%%%%%%%%%%%%%%%%%%%%%%%%%%%%%%%%%%%%% Action Prediction  START %%%%%%%%%%%%%%%%%%%%%%%%%%%%%%%%%%%%%%%%%%%%%%%%%%
Adding special empty token ('') at the end of input_ids

========================================================================================================================
🧠 DECODER PHASE START
========================================================================================================================

[Step 1] Decoder Input
--------------------------------------------------------------------------------
Input IDs Shape           : torch.Size([1, 24])
Input IDs Tensor          :
tensor([[    1,   512, 29901,  1724,  3158,   881,   278, 19964,   278,  2125,
           304,   426, 29966,  1177, 10810, 29965,  9838, 29958, 29913, 29973,
            13,  3744, 29901, 29871]], device='cuda:0')

Action Dimension          : 7
Max New Tokens to Generate: 7

[Step 2] Running Autoregressive Generation
--------------------------------------------------------------------------------

=======================================================================================================================
=============================== PrismaticForConditionalGeneration Forward Pass START 0 ================================
=======================================================================================================================
tensor([[    1,   512, 29901,  1724,  3158,   881,   278, 19964,   278,  2125,
           304,   426, 29966,  1177, 10810, 29965,  9838, 29958, 29913, 29973,
            13,  3744, 29901, 29871]], device='cuda:0')
torch.Size([1, 24])
================ Multimodal Forward ================
Pixel Values Shape [Before VisionBackbone]:: torch.Size([1, 6, 224, 224])

#######################################################################################################################
#######################################################################################################################
##################################### PrismaticVisionBackbone Forward Pass  VIT (START)################################
#######################################################################################################################
#######################################################################################################################

Input pixel_values shape: torch.Size([1, 6, 224, 224])
Using fused vision backbone, splitting input...
Shape of img (first featurizer): torch.Size([1, 3, 224, 224])
Shape of img_fused (second featurizer): torch.Size([1, 3, 224, 224])
Shape of patches from first featurizer: torch.Size([1, 256, 1024])
Shape of patches from fused featurizer: torch.Size([1, 256, 1152])
Combined patches shape: torch.Size([1, 256, 2176])

#######################################################################################################################
#######################################################################################################################
################################# PrismaticVisionBackbone Forward Pass VIT (END)#######################################
#######################################################################################################################
#######################################################################################################################

Patch Features Shape [After VisionBackbone]: torch.Size([1, 256, 2176])

#######################################################################################################################
#######################################################################################################################
------------------------------------------- PrismaticProjector Forward Pass (START) -----------------------------------
#######################################################################################################################
#######################################################################################################################

Input shape: torch.Size([1, 256, 2176])
Shape after fc1: torch.Size([1, 256, 8704])
Shape after act_fn1: torch.Size([1, 256, 8704])
Shape after fc2: torch.Size([1, 256, 4096])
Shape after act_fn2: torch.Size([1, 256, 4096])
Shape after fc3: torch.Size([1, 256, 4096])
Output Shape : torch.Size([1, 256, 4096])

#######################################################################################################################
#######################################################################################################################
-------------------------------------------- PrismaticProjector Forward Pass (END)------------------------------------
#######################################################################################################################
#######################################################################################################################

Projected Patch Embeddings Shape: torch.Size([1, 256, 4096])
Input Embeddings Shape: torch.Size([1, 24, 4096])
Multimodal Embeddings Shape: torch.Size([1, 280, 4096])
DEBUG: output logits shape: torch.Size([1, 280, 32064])
=======================================================================================================================
================================ PrismaticForConditionalGeneration Forward Pass END 0 =================================
=======================================================================================================================


=======================================================================================================================
=============================== PrismaticForConditionalGeneration Forward Pass START 1 ================================
=======================================================================================================================
tensor([[31838]], device='cuda:0')
torch.Size([1, 1])
================ Generation with KV CACHE ================
=======================================================================================================================
================================ PrismaticForConditionalGeneration Forward Pass END 1 =================================
=======================================================================================================================


=======================================================================================================================
=============================== PrismaticForConditionalGeneration Forward Pass START 2 ================================
=======================================================================================================================
tensor([[31907]], device='cuda:0')
torch.Size([1, 1])
================ Generation with KV CACHE ================
=======================================================================================================================
================================ PrismaticForConditionalGeneration Forward Pass END 2 =================================
=======================================================================================================================


=======================================================================================================================
=============================== PrismaticForConditionalGeneration Forward Pass START 3 ================================
=======================================================================================================================
tensor([[31907]], device='cuda:0')
torch.Size([1, 1])
================ Generation with KV CACHE ================
=======================================================================================================================
================================ PrismaticForConditionalGeneration Forward Pass END 3 =================================
=======================================================================================================================


=======================================================================================================================
=============================== PrismaticForConditionalGeneration Forward Pass START 4 ================================
=======================================================================================================================
tensor([[31851]], device='cuda:0')
torch.Size([1, 1])
================ Generation with KV CACHE ================
=======================================================================================================================
================================ PrismaticForConditionalGeneration Forward Pass END 4 =================================
=======================================================================================================================


=======================================================================================================================
=============================== PrismaticForConditionalGeneration Forward Pass START 5 ================================
=======================================================================================================================
tensor([[31853]], device='cuda:0')
torch.Size([1, 1])
================ Generation with KV CACHE ================
=======================================================================================================================
================================ PrismaticForConditionalGeneration Forward Pass END 5 =================================
=======================================================================================================================


=======================================================================================================================
=============================== PrismaticForConditionalGeneration Forward Pass START 6 ================================
=======================================================================================================================
tensor([[31842]], device='cuda:0')
torch.Size([1, 1])
================ Generation with KV CACHE ================
=======================================================================================================================
================================ PrismaticForConditionalGeneration Forward Pass END 6 =================================
=======================================================================================================================

Generated IDs Shape       : torch.Size([1, 31])
Generated Token IDs       :
tensor([[    1,   512, 29901,  1724,  3158,   881,   278, 19964,   278,  2125,
           304,   426, 29966,  1177, 10810, 29965,  9838, 29958, 29913, 29973,
            13,  3744, 29901, 29871, 31838, 31907, 31907, 31851, 31853, 31842,
         31872]], device='cuda:0')

[Step 3] Extract Action Tokens
--------------------------------------------------------------------------------
Action Token Slice        : generated_ids[0, -7:]
Predicted Action Tokens   : [31838 31907 31907 31851 31853 31842 31872]

[Step 4] Convert Tokens → Discretized Actions
--------------------------------------------------------------------------------
Vocabulary Size           : 32000
After vocab inversion     : [162  93  93 149 147 158 128]
After clipping            : [161  92  92 148 146 157 127]
Number of bins            : 255

[Step 5] Map Bins → Normalized Actions
--------------------------------------------------------------------------------
Bin Centers Shape         : (255,)
Normalized Actions        : [ 0.26666667 -0.2745098  -0.2745098   0.16470588  0.14901961  0.23529412
  0.        ]

[Step 6] Convert Normalized → Real World Actions
--------------------------------------------------------------------------------
Action High (q99)         : [0.02830968 0.04085525 0.04016159 0.08192048 0.07792851 0.20382574
 1.        ]
Action Low  (q01)         : [-0.02872725 -0.0417035  -0.02609386 -0.08092105 -0.092887   -0.20718276
  0.        ]
Mask                      : [True, True, True, True, True, True, False]

========================================================================================================================
🏁 DECODER PHASE END
========================================================================================================================

Final Continuous Actions  : [ 0.00739614 -0.01175572 -0.00206002  0.01391019  0.00524818  0.04667543
  0.        ]


%%%%%%%%%%%%%%%%%%%%%%%%%%%%%%%%%%%%%%%%%%%%%% Action Prediction  END %%%%%%%%%%%%%%%%%%%%%%%%%%%%%%%%%%%%%%%%%%%%%%%%%
Action 0: [ 0.00739614 -0.01175572 -0.00206002  0.01391019  0.00524818  0.04667543
  0.        ]
